<?xml version="1.0" encoding="UTF-8"?>
<testng-results ignored="0" total="1" passed="1" failed="0" skipped="0">
  <reporter-output>
  </reporter-output>
  <suite started-at="2023-09-03T07:29:46 IST" name="Default suite" finished-at="2023-09-03T07:29:46 IST" duration-ms="109">
    <groups>
    </groups>
    <test started-at="2023-09-03T07:29:46 IST" name="Default test" finished-at="2023-09-03T07:29:46 IST" duration-ms="109">
      <class name="sample.DemoFrameWork">
        <test-method signature="Demo()[pri:0, instance:sample.DemoFrameWork@3f6f6701]" started-at="2023-09-03T07:29:46 IST" name="Demo" finished-at="2023-09-03T07:29:46 IST" duration-ms="17" status="PASS">
          <reporter-output>
          </reporter-output>
        </test-method> <!-- Demo -->
      </class> <!-- sample.DemoFrameWork -->
    </test> <!-- Default test -->
  </suite> <!-- Default suite -->
</testng-results>
